# JRE version: OpenJDK Runtime Environment (8.0_152-b01) (build 1.8.0_152-release-1248-b01)
# Java VM: OpenJDK 64-Bit Server VM (25.152-b01 mixed mode windows-amd64 compressed oops)
Heap:
 PSYoungGen      total 463360K, used 164028K [0x00000000e0000000, 0x00000000ffc80000, 0x0000000100000000)
  eden space 406016K, 32% used [0x00000000e0000000,0x00000000e8242c90,0x00000000f8c80000)
  from space 57344K, 53% used [0x00000000fc480000,0x00000000fe26c370,0x00000000ffc80000)
  to   space 57344K, 0% used [0x00000000f8c80000,0x00000000f8c80000,0x00000000fc480000)
 ParOldGen       total 121856K, used 73613K [0x00000000a0000000, 0x00000000a7700000, 0x00000000e0000000)
  object space 121856K, 60% used [0x00000000a0000000,0x00000000a47e34c8,0x00000000a7700000)
 Metaspace       used 96269K, capacity 99740K, committed 100224K, reserved 1136640K
  class space    used 12254K, capacity 13008K, committed 13184K, reserved 1048576K
GC Heap History (10 events):
Event: 195.341 GC heap before
{Heap before GC invocations=26 (full 3):
 PSYoungGen      total 344064K, used 342753K [0x00000000e0000000, 0x00000000f7900000, 0x0000000100000000)
  eden space 311808K, 100% used [0x00000000e0000000,0x00000000f3080000,0x00000000f3080000)
  from space 32256K, 95% used [0x00000000f5480000,0x00000000f72b85d0,0x00000000f7400000)
  to   space 36864K, 0% used [0x00000000f3080000,0x00000000f3080000,0x00000000f5480000)
 ParOldGen       total 121856K, used 43540K [0x00000000a0000000, 0x00000000a7700000, 0x00000000e0000000)
  object space 121856K, 35% used [0x00000000a0000000,0x00000000a2a85070,0x00000000a7700000)
 Metaspace       used 92065K, capacity 95400K, committed 95616K, reserved 1132544K
  class space    used 11883K, capacity 12628K, committed 12672K, reserved 1048576K
Event: 195.390 GC heap after
Heap after GC invocations=26 (full 3):
 PSYoungGen      total 348672K, used 36851K [0x00000000e0000000, 0x00000000faa00000, 0x0000000100000000)
  eden space 311808K, 0% used [0x00000000e0000000,0x00000000e0000000,0x00000000f3080000)
  from space 36864K, 99% used [0x00000000f3080000,0x00000000f547cc58,0x00000000f5480000)
  to   space 50176K, 0% used [0x00000000f7900000,0x00000000f7900000,0x00000000faa00000)
 ParOldGen       total 121856K, used 62964K [0x00000000a0000000, 0x00000000a7700000, 0x00000000e0000000)
  object space 121856K, 51% used [0x00000000a0000000,0x00000000a3d7d070,0x00000000a7700000)
 Metaspace       used 92065K, capacity 95400K, committed 95616K, reserved 1132544K
  class space    used 11883K, capacity 12628K, committed 12672K, reserved 1048576K
}
Event: 196.735 GC heap before
{Heap before GC invocations=27 (full 3):
 PSYoungGen      total 348672K, used 348659K [0x00000000e0000000, 0x00000000faa00000, 0x0000000100000000)
  eden space 311808K, 100% used [0x00000000e0000000,0x00000000f3080000,0x00000000f3080000)
  from space 36864K, 99% used [0x00000000f3080000,0x00000000f547cc58,0x00000000f5480000)
  to   space 50176K, 0% used [0x00000000f7900000,0x00000000f7900000,0x00000000faa00000)
 ParOldGen       total 121856K, used 62964K [0x00000000a0000000, 0x00000000a7700000, 0x00000000e0000000)
  object space 121856K, 51% used [0x00000000a0000000,0x00000000a3d7d070,0x00000000a7700000)
 Metaspace       used 94582K, capacity 98310K, committed 98560K, reserved 1134592K
  class space    used 12159K, capacity 12937K, committed 13056K, reserved 1048576K
Event: 196.782 GC heap after
Heap after GC invocations=27 (full 3):
 PSYoungGen      total 377344K, used 50164K [0x00000000e0000000, 0x00000000fd380000, 0x0000000100000000)
  eden space 327168K, 0% used [0x00000000e0000000,0x00000000e0000000,0x00000000f3f80000)
  from space 50176K, 99% used [0x00000000f7900000,0x00000000fa9fd000,0x00000000faa00000)
  to   space 58880K, 0% used [0x00000000f3f80000,0x00000000f3f80000,0x00000000f7900000)
 ParOldGen       total 121856K, used 63400K [0x00000000a0000000, 0x00000000a7700000, 0x00000000e0000000)
  object space 121856K, 52% used [0x00000000a0000000,0x00000000a3dea2b0,0x00000000a7700000)
 Metaspace       used 94582K, capacity 98310K, committed 98560K, reserved 1134592K
  class space    used 12159K, capacity 12937K, committed 13056K, reserved 1048576K
}
Event: 196.903 GC heap before
{Heap before GC invocations=28 (full 3):
 PSYoungGen      total 377344K, used 90395K [0x00000000e0000000, 0x00000000fd380000, 0x0000000100000000)
  eden space 327168K, 12% used [0x00000000e0000000,0x00000000e2749fc8,0x00000000f3f80000)
  from space 50176K, 99% used [0x00000000f7900000,0x00000000fa9fd000,0x00000000faa00000)
  to   space 58880K, 0% used [0x00000000f3f80000,0x00000000f3f80000,0x00000000f7900000)
 ParOldGen       total 121856K, used 63400K [0x00000000a0000000, 0x00000000a7700000, 0x00000000e0000000)
  object space 121856K, 52% used [0x00000000a0000000,0x00000000a3dea2b0,0x00000000a7700000)
 Metaspace       used 94671K, capacity 98378K, committed 98560K, reserved 1134592K
  class space    used 12159K, capacity 12937K, committed 13056K, reserved 1048576K
Event: 196.943 GC heap after
Heap after GC invocations=28 (full 3):
 PSYoungGen      total 386048K, used 28556K [0x00000000e0000000, 0x00000000ffd00000, 0x0000000100000000)
  eden space 327168K, 0% used [0x00000000e0000000,0x00000000e0000000,0x00000000f3f80000)
  from space 58880K, 48% used [0x00000000f3f80000,0x00000000f5b63348,0x00000000f7900000)
  to   space 57856K, 0% used [0x00000000fc480000,0x00000000fc480000,0x00000000ffd00000)
 ParOldGen       total 121856K, used 81435K [0x00000000a0000000, 0x00000000a7700000, 0x00000000e0000000)
  object space 121856K, 66% used [0x00000000a0000000,0x00000000a4f86e30,0x00000000a7700000)
 Metaspace       used 94671K, capacity 98378K, committed 98560K, reserved 1134592K
  class space    used 12159K, capacity 12937K, committed 13056K, reserved 1048576K
}
Event: 196.943 GC heap before
{Heap before GC invocations=29 (full 4):
 PSYoungGen      total 386048K, used 28556K [0x00000000e0000000, 0x00000000ffd00000, 0x0000000100000000)
  eden space 327168K, 0% used [0x00000000e0000000,0x00000000e0000000,0x00000000f3f80000)
  from space 58880K, 48% used [0x00000000f3f80000,0x00000000f5b63348,0x00000000f7900000)
  to   space 57856K, 0% used [0x00000000fc480000,0x00000000fc480000,0x00000000ffd00000)
 ParOldGen       total 121856K, used 81435K [0x00000000a0000000, 0x00000000a7700000, 0x00000000e0000000)
  object space 121856K, 66% used [0x00000000a0000000,0x00000000a4f86e30,0x00000000a7700000)
 Metaspace       used 94671K, capacity 98378K, committed 98560K, reserved 1134592K
  class space    used 12159K, capacity 12937K, committed 13056K, reserved 1048576K
Event: 197.143 GC heap after
Heap after GC invocations=29 (full 4):
 PSYoungGen      total 386048K, used 0K [0x00000000e0000000, 0x00000000ffd00000, 0x0000000100000000)
  eden space 327168K, 0% used [0x00000000e0000000,0x00000000e0000000,0x00000000f3f80000)
  from space 58880K, 0% used [0x00000000f3f80000,0x00000000f3f80000,0x00000000f7900000)
  to   space 57856K, 0% used [0x00000000fc480000,0x00000000fc480000,0x00000000ffd00000)
 ParOldGen       total 121856K, used 73605K [0x00000000a0000000, 0x00000000a7700000, 0x00000000e0000000)
  object space 121856K, 60% used [0x00000000a0000000,0x00000000a47e14c8,0x00000000a7700000)
 Metaspace       used 94364K, capacity 97556K, committed 98560K, reserved 1134592K
  class space    used 12052K, capacity 12752K, committed 13056K, reserved 1048576K
}
Event: 199.666 GC heap before
{Heap before GC invocations=30 (full 4):
 PSYoungGen      total 386048K, used 327168K [0x00000000e0000000, 0x00000000ffd00000, 0x0000000100000000)
  eden space 327168K, 100% used [0x00000000e0000000,0x00000000f3f80000,0x00000000f3f80000)
  from space 58880K, 0% used [0x00000000f3f80000,0x00000000f3f80000,0x00000000f7900000)
  to   space 57856K, 0% used [0x00000000fc480000,0x00000000fc480000,0x00000000ffd00000)
 ParOldGen       total 121856K, used 73605K [0x00000000a0000000, 0x00000000a7700000, 0x00000000e0000000)
  object space 121856K, 60% used [0x00000000a0000000,0x00000000a47e14c8,0x00000000a7700000)
 Metaspace       used 95259K, capacity 98642K, committed 99584K, reserved 1136640K
  class space    used 12110K, capacity 12847K, committed 13056K, reserved 1048576K
Event: 199.701 GC heap after
Heap after GC invocations=30 (full 4):
 PSYoungGen      total 463360K, used 30640K [0x00000000e0000000, 0x00000000ffc80000, 0x0000000100000000)
  eden space 406016K, 0% used [0x00000000e0000000,0x00000000e0000000,0x00000000f8c80000)
  from space 57344K, 53% used [0x00000000fc480000,0x00000000fe26c370,0x00000000ffc80000)
  to   space 57344K, 0% used [0x00000000f8c80000,0x00000000f8c80000,0x00000000fc480000)
 ParOldGen       total 121856K, used 73613K [0x00000000a0000000, 0x00000000a7700000, 0x00000000e0000000)
  object space 121856K, 60% used [0x00000000a0000000,0x00000000a47e34c8,0x00000000a7700000)
 Metaspace       used 95259K, capacity 98642K, committed 99584K, reserved 1136640K
  class space    used 12110K, capacity 12847K, committed 13056K, reserved 1048576K
}

