# JRE version: OpenJDK Runtime Environment (8.0_152-b01) (build 1.8.0_152-release-1248-b01)
# Java VM: OpenJDK 64-Bit Server VM (25.152-b01 mixed mode windows-amd64 compressed oops)
Heap:
 PSYoungGen      total 318464K, used 104968K [0x00000000e0000000, 0x00000000f9600000, 0x0000000100000000)
  eden space 268800K, 39% used [0x00000000e0000000,0x00000000e6682200,0x00000000f0680000)
  from space 49664K, 0% used [0x00000000f0680000,0x00000000f0680000,0x00000000f3700000)
  to   space 48640K, 0% used [0x00000000f6680000,0x00000000f6680000,0x00000000f9600000)
 ParOldGen       total 117760K, used 78792K [0x00000000a0000000, 0x00000000a7300000, 0x00000000e0000000)
  object space 117760K, 66% used [0x00000000a0000000,0x00000000a4cf2208,0x00000000a7300000)
 Metaspace       used 94357K, capacity 98203K, committed 99200K, reserved 1134592K
  class space    used 12152K, capacity 12966K, committed 13184K, reserved 1048576K
GC Heap History (10 events):
Event: 1032.197 GC heap before
{Heap before GC invocations=23 (full 3):
 PSYoungGen      total 327168K, used 326178K [0x00000000e0000000, 0x00000000f6180000, 0x0000000100000000)
  eden space 303616K, 99% used [0x00000000e0000000,0x00000000f27a9840,0x00000000f2880000)
  from space 23552K, 99% used [0x00000000f3480000,0x00000000f4b5f068,0x00000000f4b80000)
  to   space 22528K, 0% used [0x00000000f4b80000,0x00000000f4b80000,0x00000000f6180000)
 ParOldGen       total 117760K, used 45858K [0x00000000a0000000, 0x00000000a7300000, 0x00000000e0000000)
  object space 117760K, 38% used [0x00000000a0000000,0x00000000a2cc8b50,0x00000000a7300000)
 Metaspace       used 81878K, capacity 84607K, committed 84864K, reserved 1122304K
  class space    used 10657K, capacity 11320K, committed 11392K, reserved 1048576K
Event: 1032.220 GC heap after
Heap after GC invocations=23 (full 3):
 PSYoungGen      total 314368K, used 22522K [0x00000000e0000000, 0x00000000f6300000, 0x0000000100000000)
  eden space 291840K, 0% used [0x00000000e0000000,0x00000000e0000000,0x00000000f1d00000)
  from space 22528K, 99% used [0x00000000f4b80000,0x00000000f617e8a0,0x00000000f6180000)
  to   space 35840K, 0% used [0x00000000f1d00000,0x00000000f1d00000,0x00000000f4000000)
 ParOldGen       total 117760K, used 57517K [0x00000000a0000000, 0x00000000a7300000, 0x00000000e0000000)
  object space 117760K, 48% used [0x00000000a0000000,0x00000000a382b6c8,0x00000000a7300000)
 Metaspace       used 81878K, capacity 84607K, committed 84864K, reserved 1122304K
  class space    used 10657K, capacity 11320K, committed 11392K, reserved 1048576K
}
Event: 1039.404 GC heap before
{Heap before GC invocations=24 (full 3):
 PSYoungGen      total 314368K, used 314362K [0x00000000e0000000, 0x00000000f6300000, 0x0000000100000000)
  eden space 291840K, 100% used [0x00000000e0000000,0x00000000f1d00000,0x00000000f1d00000)
  from space 22528K, 99% used [0x00000000f4b80000,0x00000000f617e8a0,0x00000000f6180000)
  to   space 35840K, 0% used [0x00000000f1d00000,0x00000000f1d00000,0x00000000f4000000)
 ParOldGen       total 117760K, used 57517K [0x00000000a0000000, 0x00000000a7300000, 0x00000000e0000000)
  object space 117760K, 48% used [0x00000000a0000000,0x00000000a382b6c8,0x00000000a7300000)
 Metaspace       used 82953K, capacity 85971K, committed 86016K, reserved 1124352K
  class space    used 10792K, capacity 11494K, committed 11520K, reserved 1048576K
Event: 1039.421 GC heap after
Heap after GC invocations=24 (full 3):
 PSYoungGen      total 305664K, used 24937K [0x00000000e0000000, 0x00000000f5c00000, 0x0000000100000000)
  eden space 280576K, 0% used [0x00000000e0000000,0x00000000e0000000,0x00000000f1200000)
  from space 25088K, 99% used [0x00000000f1d00000,0x00000000f355a430,0x00000000f3580000)
  to   space 37888K, 0% used [0x00000000f3700000,0x00000000f3700000,0x00000000f5c00000)
 ParOldGen       total 117760K, used 57525K [0x00000000a0000000, 0x00000000a7300000, 0x00000000e0000000)
  object space 117760K, 48% used [0x00000000a0000000,0x00000000a382d6c8,0x00000000a7300000)
 Metaspace       used 82953K, capacity 85971K, committed 86016K, reserved 1124352K
  class space    used 10792K, capacity 11494K, committed 11520K, reserved 1048576K
}
Event: 1044.876 GC heap before
{Heap before GC invocations=25 (full 3):
 PSYoungGen      total 305664K, used 305513K [0x00000000e0000000, 0x00000000f5c00000, 0x0000000100000000)
  eden space 280576K, 100% used [0x00000000e0000000,0x00000000f1200000,0x00000000f1200000)
  from space 25088K, 99% used [0x00000000f1d00000,0x00000000f355a430,0x00000000f3580000)
  to   space 37888K, 0% used [0x00000000f3700000,0x00000000f3700000,0x00000000f5c00000)
 ParOldGen       total 117760K, used 57525K [0x00000000a0000000, 0x00000000a7300000, 0x00000000e0000000)
  object space 117760K, 48% used [0x00000000a0000000,0x00000000a382d6c8,0x00000000a7300000)
 Metaspace       used 93214K, capacity 97495K, committed 97536K, reserved 1134592K
  class space    used 12125K, capacity 13028K, committed 13056K, reserved 1048576K
Event: 1044.921 GC heap after
Heap after GC invocations=25 (full 3):
 PSYoungGen      total 306688K, used 37887K [0x00000000e0000000, 0x00000000f6880000, 0x0000000100000000)
  eden space 268800K, 0% used [0x00000000e0000000,0x00000000e0000000,0x00000000f0680000)
  from space 37888K, 99% used [0x00000000f3700000,0x00000000f5bfffe0,0x00000000f5c00000)
  to   space 49664K, 0% used [0x00000000f0680000,0x00000000f0680000,0x00000000f3700000)
 ParOldGen       total 117760K, used 72102K [0x00000000a0000000, 0x00000000a7300000, 0x00000000e0000000)
  object space 117760K, 61% used [0x00000000a0000000,0x00000000a4669bf0,0x00000000a7300000)
 Metaspace       used 93214K, capacity 97495K, committed 97536K, reserved 1134592K
  class space    used 12125K, capacity 13028K, committed 13056K, reserved 1048576K
}
Event: 1045.752 GC heap before
{Heap before GC invocations=26 (full 3):
 PSYoungGen      total 306688K, used 175293K [0x00000000e0000000, 0x00000000f6880000, 0x0000000100000000)
  eden space 268800K, 51% used [0x00000000e0000000,0x00000000e862f668,0x00000000f0680000)
  from space 37888K, 99% used [0x00000000f3700000,0x00000000f5bfffe0,0x00000000f5c00000)
  to   space 49664K, 0% used [0x00000000f0680000,0x00000000f0680000,0x00000000f3700000)
 ParOldGen       total 117760K, used 72102K [0x00000000a0000000, 0x00000000a7300000, 0x00000000e0000000)
  object space 117760K, 61% used [0x00000000a0000000,0x00000000a4669bf0,0x00000000a7300000)
 Metaspace       used 94010K, capacity 98385K, committed 98496K, reserved 1134592K
  class space    used 12201K, capacity 13095K, committed 13184K, reserved 1048576K
Event: 1045.784 GC heap after
Heap after GC invocations=26 (full 3):
 PSYoungGen      total 318464K, used 23369K [0x00000000e0000000, 0x00000000f9600000, 0x0000000100000000)
  eden space 268800K, 0% used [0x00000000e0000000,0x00000000e0000000,0x00000000f0680000)
  from space 49664K, 47% used [0x00000000f0680000,0x00000000f1d526d0,0x00000000f3700000)
  to   space 48640K, 0% used [0x00000000f6680000,0x00000000f6680000,0x00000000f9600000)
 ParOldGen       total 117760K, used 86449K [0x00000000a0000000, 0x00000000a7300000, 0x00000000e0000000)
  object space 117760K, 73% used [0x00000000a0000000,0x00000000a546c4d0,0x00000000a7300000)
 Metaspace       used 94010K, capacity 98385K, committed 98496K, reserved 1134592K
  class space    used 12201K, capacity 13095K, committed 13184K, reserved 1048576K
}
Event: 1045.785 GC heap before
{Heap before GC invocations=27 (full 4):
 PSYoungGen      total 318464K, used 23369K [0x00000000e0000000, 0x00000000f9600000, 0x0000000100000000)
  eden space 268800K, 0% used [0x00000000e0000000,0x00000000e0000000,0x00000000f0680000)
  from space 49664K, 47% used [0x00000000f0680000,0x00000000f1d526d0,0x00000000f3700000)
  to   space 48640K, 0% used [0x00000000f6680000,0x00000000f6680000,0x00000000f9600000)
 ParOldGen       total 117760K, used 86449K [0x00000000a0000000, 0x00000000a7300000, 0x00000000e0000000)
  object space 117760K, 73% used [0x00000000a0000000,0x00000000a546c4d0,0x00000000a7300000)
 Metaspace       used 94010K, capacity 98385K, committed 98496K, reserved 1134592K
  class space    used 12201K, capacity 13095K, committed 13184K, reserved 1048576K
Event: 1045.989 GC heap after
Heap after GC invocations=27 (full 4):
 PSYoungGen      total 318464K, used 0K [0x00000000e0000000, 0x00000000f9600000, 0x0000000100000000)
  eden space 268800K, 0% used [0x00000000e0000000,0x00000000e0000000,0x00000000f0680000)
  from space 49664K, 0% used [0x00000000f0680000,0x00000000f0680000,0x00000000f3700000)
  to   space 48640K, 0% used [0x00000000f6680000,0x00000000f6680000,0x00000000f9600000)
 ParOldGen       total 117760K, used 78792K [0x00000000a0000000, 0x00000000a7300000, 0x00000000e0000000)
  object space 117760K, 66% used [0x00000000a0000000,0x00000000a4cf2208,0x00000000a7300000)
 Metaspace       used 93647K, capacity 97411K, committed 98496K, reserved 1134592K
  class space    used 12075K, capacity 12876K, committed 13184K, reserved 1048576K
}

