# JRE version: OpenJDK Runtime Environment (8.0_152-b01) (build 1.8.0_152-release-1248-b01)
# Java VM: OpenJDK 64-Bit Server VM (25.152-b01 mixed mode windows-amd64 compressed oops)
Heap:
 PSYoungGen      total 403968K, used 307901K [0x00000000e0000000, 0x00000000fe800000, 0x0000000100000000)
  eden space 358912K, 84% used [0x00000000e0000000,0x00000000f288e398,0x00000000f5e80000)
  from space 45056K, 9% used [0x00000000f5e80000,0x00000000f62a1208,0x00000000f8a80000)
  to   space 41472K, 0% used [0x00000000fbf80000,0x00000000fbf80000,0x00000000fe800000)
 ParOldGen       total 129024K, used 87276K [0x00000000a0000000, 0x00000000a7e00000, 0x00000000e0000000)
  object space 129024K, 67% used [0x00000000a0000000,0x00000000a553b098,0x00000000a7e00000)
 Metaspace       used 87451K, capacity 91584K, committed 91800K, reserved 1128448K
  class space    used 11358K, capacity 12183K, committed 12208K, reserved 1048576K
GC Heap History (10 events):
Event: 39.838 GC heap before
{Heap before GC invocations=30 (full 3):
 PSYoungGen      total 402944K, used 378544K [0x00000000e0000000, 0x00000000fb680000, 0x0000000100000000)
  eden space 358912K, 100% used [0x00000000e0000000,0x00000000f5e80000,0x00000000f5e80000)
  from space 44032K, 44% used [0x00000000f8b80000,0x00000000f9eac020,0x00000000fb680000)
  to   space 45056K, 0% used [0x00000000f5e80000,0x00000000f5e80000,0x00000000f8a80000)
 ParOldGen       total 129024K, used 72191K [0x00000000a0000000, 0x00000000a7e00000, 0x00000000e0000000)
  object space 129024K, 55% used [0x00000000a0000000,0x00000000a467fca0,0x00000000a7e00000)
 Metaspace       used 73666K, capacity 77112K, committed 77336K, reserved 1116160K
  class space    used 9791K, capacity 10435K, committed 10544K, reserved 1048576K
Event: 39.867 GC heap after
Heap after GC invocations=30 (full 3):
 PSYoungGen      total 403968K, used 15728K [0x00000000e0000000, 0x00000000fb680000, 0x0000000100000000)
  eden space 358912K, 0% used [0x00000000e0000000,0x00000000e0000000,0x00000000f5e80000)
  from space 45056K, 34% used [0x00000000f5e80000,0x00000000f6ddc3d8,0x00000000f8a80000)
  to   space 44032K, 0% used [0x00000000f8b80000,0x00000000f8b80000,0x00000000fb680000)
 ParOldGen       total 129024K, used 82517K [0x00000000a0000000, 0x00000000a7e00000, 0x00000000e0000000)
  object space 129024K, 63% used [0x00000000a0000000,0x00000000a5095498,0x00000000a7e00000)
 Metaspace       used 73666K, capacity 77112K, committed 77336K, reserved 1116160K
  class space    used 9791K, capacity 10435K, committed 10544K, reserved 1048576K
}
Event: 40.684 GC heap before
{Heap before GC invocations=31 (full 3):
 PSYoungGen      total 403968K, used 374640K [0x00000000e0000000, 0x00000000fb680000, 0x0000000100000000)
  eden space 358912K, 100% used [0x00000000e0000000,0x00000000f5e80000,0x00000000f5e80000)
  from space 45056K, 34% used [0x00000000f5e80000,0x00000000f6ddc3d8,0x00000000f8a80000)
  to   space 44032K, 0% used [0x00000000f8b80000,0x00000000f8b80000,0x00000000fb680000)
 ParOldGen       total 129024K, used 82517K [0x00000000a0000000, 0x00000000a7e00000, 0x00000000e0000000)
  object space 129024K, 63% used [0x00000000a0000000,0x00000000a5095498,0x00000000a7e00000)
 Metaspace       used 73760K, capacity 77182K, committed 77336K, reserved 1116160K
  class space    used 9792K, capacity 10436K, committed 10544K, reserved 1048576K
Event: 40.691 GC heap after
Heap after GC invocations=31 (full 3):
 PSYoungGen      total 402944K, used 4492K [0x00000000e0000000, 0x00000000fb680000, 0x0000000100000000)
  eden space 358912K, 0% used [0x00000000e0000000,0x00000000e0000000,0x00000000f5e80000)
  from space 44032K, 10% used [0x00000000f8b80000,0x00000000f8fe30d8,0x00000000fb680000)
  to   space 45056K, 0% used [0x00000000f5e80000,0x00000000f5e80000,0x00000000f8a80000)
 ParOldGen       total 129024K, used 83789K [0x00000000a0000000, 0x00000000a7e00000, 0x00000000e0000000)
  object space 129024K, 64% used [0x00000000a0000000,0x00000000a51d3508,0x00000000a7e00000)
 Metaspace       used 73760K, capacity 77182K, committed 77336K, reserved 1116160K
  class space    used 9792K, capacity 10436K, committed 10544K, reserved 1048576K
}
Event: 41.519 GC heap before
{Heap before GC invocations=32 (full 3):
 PSYoungGen      total 402944K, used 363374K [0x00000000e0000000, 0x00000000fb680000, 0x0000000100000000)
  eden space 358912K, 99% used [0x00000000e0000000,0x00000000f5e78ab0,0x00000000f5e80000)
  from space 44032K, 10% used [0x00000000f8b80000,0x00000000f8fe30d8,0x00000000fb680000)
  to   space 45056K, 0% used [0x00000000f5e80000,0x00000000f5e80000,0x00000000f8a80000)
 ParOldGen       total 129024K, used 83789K [0x00000000a0000000, 0x00000000a7e00000, 0x00000000e0000000)
  object space 129024K, 64% used [0x00000000a0000000,0x00000000a51d3508,0x00000000a7e00000)
 Metaspace       used 74013K, capacity 77442K, committed 77592K, reserved 1116160K
  class space    used 9810K, capacity 10474K, committed 10544K, reserved 1048576K
Event: 41.528 GC heap after
Heap after GC invocations=32 (full 3):
 PSYoungGen      total 403968K, used 8208K [0x00000000e0000000, 0x00000000fb680000, 0x0000000100000000)
  eden space 358912K, 0% used [0x00000000e0000000,0x00000000e0000000,0x00000000f5e80000)
  from space 45056K, 18% used [0x00000000f5e80000,0x00000000f6684348,0x00000000f8a80000)
  to   space 44032K, 0% used [0x00000000f8b80000,0x00000000f8b80000,0x00000000fb680000)
 ParOldGen       total 129024K, used 84902K [0x00000000a0000000, 0x00000000a7e00000, 0x00000000e0000000)
  object space 129024K, 65% used [0x00000000a0000000,0x00000000a52e9840,0x00000000a7e00000)
 Metaspace       used 74013K, capacity 77442K, committed 77592K, reserved 1116160K
  class space    used 9810K, capacity 10474K, committed 10544K, reserved 1048576K
}
Event: 44.993 GC heap before
{Heap before GC invocations=33 (full 3):
 PSYoungGen      total 403968K, used 367120K [0x00000000e0000000, 0x00000000fb680000, 0x0000000100000000)
  eden space 358912K, 100% used [0x00000000e0000000,0x00000000f5e80000,0x00000000f5e80000)
  from space 45056K, 18% used [0x00000000f5e80000,0x00000000f6684348,0x00000000f8a80000)
  to   space 44032K, 0% used [0x00000000f8b80000,0x00000000f8b80000,0x00000000fb680000)
 ParOldGen       total 129024K, used 84902K [0x00000000a0000000, 0x00000000a7e00000, 0x00000000e0000000)
  object space 129024K, 65% used [0x00000000a0000000,0x00000000a52e9840,0x00000000a7e00000)
 Metaspace       used 75119K, capacity 78716K, committed 79000K, reserved 1118208K
  class space    used 9927K, capacity 10631K, committed 10672K, reserved 1048576K
Event: 45.020 GC heap after
Heap after GC invocations=33 (full 3):
 PSYoungGen      total 402944K, used 24425K [0x00000000e0000000, 0x00000000fb680000, 0x0000000100000000)
  eden space 358912K, 0% used [0x00000000e0000000,0x00000000e0000000,0x00000000f5e80000)
  from space 44032K, 55% used [0x00000000f8b80000,0x00000000fa35a7b8,0x00000000fb680000)
  to   space 45056K, 0% used [0x00000000f5e80000,0x00000000f5e80000,0x00000000f8a80000)
 ParOldGen       total 129024K, used 85252K [0x00000000a0000000, 0x00000000a7e00000, 0x00000000e0000000)
  object space 129024K, 66% used [0x00000000a0000000,0x00000000a5341288,0x00000000a7e00000)
 Metaspace       used 75119K, capacity 78716K, committed 79000K, reserved 1118208K
  class space    used 9927K, capacity 10631K, committed 10672K, reserved 1048576K
}
Event: 51.424 GC heap before
{Heap before GC invocations=34 (full 3):
 PSYoungGen      total 402944K, used 382586K [0x00000000e0000000, 0x00000000fb680000, 0x0000000100000000)
  eden space 358912K, 99% used [0x00000000e0000000,0x00000000f5dc4390,0x00000000f5e80000)
  from space 44032K, 55% used [0x00000000f8b80000,0x00000000fa35a7b8,0x00000000fb680000)
  to   space 45056K, 0% used [0x00000000f5e80000,0x00000000f5e80000,0x00000000f8a80000)
 ParOldGen       total 129024K, used 85252K [0x00000000a0000000, 0x00000000a7e00000, 0x00000000e0000000)
  object space 129024K, 66% used [0x00000000a0000000,0x00000000a5341288,0x00000000a7e00000)
 Metaspace       used 75862K, capacity 79588K, committed 79640K, reserved 1118208K
  class space    used 10017K, capacity 10755K, committed 10800K, reserved 1048576K
Event: 51.429 GC heap after
Heap after GC invocations=34 (full 3):
 PSYoungGen      total 403968K, used 4228K [0x00000000e0000000, 0x00000000fe800000, 0x0000000100000000)
  eden space 358912K, 0% used [0x00000000e0000000,0x00000000e0000000,0x00000000f5e80000)
  from space 45056K, 9% used [0x00000000f5e80000,0x00000000f62a1208,0x00000000f8a80000)
  to   space 41472K, 0% used [0x00000000fbf80000,0x00000000fbf80000,0x00000000fe800000)
 ParOldGen       total 129024K, used 87276K [0x00000000a0000000, 0x00000000a7e00000, 0x00000000e0000000)
  object space 129024K, 67% used [0x00000000a0000000,0x00000000a553b098,0x00000000a7e00000)
 Metaspace       used 75862K, capacity 79588K, committed 79640K, reserved 1118208K
  class space    used 10017K, capacity 10755K, committed 10800K, reserved 1048576K
}

