# JRE version: OpenJDK Runtime Environment (8.0_152-b01) (build 1.8.0_152-release-1248-b01)
# Java VM: OpenJDK 64-Bit Server VM (25.152-b01 mixed mode windows-amd64 compressed oops)
Heap:
 PSYoungGen      total 292864K, used 137179K [0x00000000e0000000, 0x00000000f7480000, 0x0000000100000000)
  eden space 260608K, 50% used [0x00000000e0000000,0x00000000e80a0c88,0x00000000efe80000)
  from space 32256K, 16% used [0x00000000efe80000,0x00000000f03d60c0,0x00000000f1e00000)
  to   space 31744K, 0% used [0x00000000f5580000,0x00000000f5580000,0x00000000f7480000)
 ParOldGen       total 153600K, used 78167K [0x00000000a0000000, 0x00000000a9600000, 0x00000000e0000000)
  object space 153600K, 50% used [0x00000000a0000000,0x00000000a4c55d28,0x00000000a9600000)
 Metaspace       used 90580K, capacity 94912K, committed 95232K, reserved 1132544K
  class space    used 11808K, capacity 12690K, committed 12800K, reserved 1048576K
GC Heap History (10 events):
Event: 64.329 GC heap before
{Heap before GC invocations=28 (full 3):
 PSYoungGen      total 224768K, used 207161K [0x00000000e0000000, 0x00000000efc80000, 0x0000000100000000)
  eden space 190464K, 99% used [0x00000000e0000000,0x00000000eb969a20,0x00000000eba00000)
  from space 34304K, 50% used [0x00000000edb00000,0x00000000eebe4d48,0x00000000efc80000)
  to   space 33792K, 0% used [0x00000000eba00000,0x00000000eba00000,0x00000000edb00000)
 ParOldGen       total 153600K, used 62234K [0x00000000a0000000, 0x00000000a9600000, 0x00000000e0000000)
  object space 153600K, 40% used [0x00000000a0000000,0x00000000a3cc6878,0x00000000a9600000)
 Metaspace       used 81079K, capacity 84860K, committed 84992K, reserved 1122304K
  class space    used 10701K, capacity 11457K, committed 11520K, reserved 1048576K
Event: 64.350 GC heap after
Heap after GC invocations=28 (full 3):
 PSYoungGen      total 224256K, used 21841K [0x00000000e0000000, 0x00000000f1280000, 0x0000000100000000)
  eden space 190464K, 0% used [0x00000000e0000000,0x00000000e0000000,0x00000000eba00000)
  from space 33792K, 64% used [0x00000000eba00000,0x00000000ecf54748,0x00000000edb00000)
  to   space 35328K, 0% used [0x00000000ef000000,0x00000000ef000000,0x00000000f1280000)
 ParOldGen       total 153600K, used 62242K [0x00000000a0000000, 0x00000000a9600000, 0x00000000e0000000)
  object space 153600K, 40% used [0x00000000a0000000,0x00000000a3cc8878,0x00000000a9600000)
 Metaspace       used 81079K, capacity 84860K, committed 84992K, reserved 1122304K
  class space    used 10701K, capacity 11457K, committed 11520K, reserved 1048576K
}
Event: 64.386 GC heap before
{Heap before GC invocations=29 (full 3):
 PSYoungGen      total 224256K, used 211879K [0x00000000e0000000, 0x00000000f1280000, 0x0000000100000000)
  eden space 190464K, 99% used [0x00000000e0000000,0x00000000eb9957c8,0x00000000eba00000)
  from space 33792K, 64% used [0x00000000eba00000,0x00000000ecf54748,0x00000000edb00000)
  to   space 35328K, 0% used [0x00000000ef000000,0x00000000ef000000,0x00000000f1280000)
 ParOldGen       total 153600K, used 62242K [0x00000000a0000000, 0x00000000a9600000, 0x00000000e0000000)
  object space 153600K, 40% used [0x00000000a0000000,0x00000000a3cc8878,0x00000000a9600000)
 Metaspace       used 81089K, capacity 84860K, committed 84992K, reserved 1122304K
  class space    used 10701K, capacity 11457K, committed 11520K, reserved 1048576K
Event: 64.409 GC heap after
Heap after GC invocations=29 (full 3):
 PSYoungGen      total 246272K, used 17986K [0x00000000e0000000, 0x00000000f2d00000, 0x0000000100000000)
  eden space 210944K, 0% used [0x00000000e0000000,0x00000000e0000000,0x00000000ece00000)
  from space 35328K, 50% used [0x00000000ef000000,0x00000000f0190b28,0x00000000f1280000)
  to   space 34816K, 0% used [0x00000000ece00000,0x00000000ece00000,0x00000000ef000000)
 ParOldGen       total 153600K, used 62250K [0x00000000a0000000, 0x00000000a9600000, 0x00000000e0000000)
  object space 153600K, 40% used [0x00000000a0000000,0x00000000a3cca878,0x00000000a9600000)
 Metaspace       used 81089K, capacity 84860K, committed 84992K, reserved 1122304K
  class space    used 10701K, capacity 11457K, committed 11520K, reserved 1048576K
}
Event: 64.669 GC heap before
{Heap before GC invocations=30 (full 3):
 PSYoungGen      total 246272K, used 228930K [0x00000000e0000000, 0x00000000f2d00000, 0x0000000100000000)
  eden space 210944K, 100% used [0x00000000e0000000,0x00000000ece00000,0x00000000ece00000)
  from space 35328K, 50% used [0x00000000ef000000,0x00000000f0190b28,0x00000000f1280000)
  to   space 34816K, 0% used [0x00000000ece00000,0x00000000ece00000,0x00000000ef000000)
 ParOldGen       total 153600K, used 62250K [0x00000000a0000000, 0x00000000a9600000, 0x00000000e0000000)
  object space 153600K, 40% used [0x00000000a0000000,0x00000000a3cca878,0x00000000a9600000)
 Metaspace       used 81246K, capacity 85050K, committed 85248K, reserved 1122304K
  class space    used 10723K, capacity 11494K, committed 11520K, reserved 1048576K
Event: 64.688 GC heap after
Heap after GC invocations=30 (full 3):
 PSYoungGen      total 245760K, used 12843K [0x00000000e0000000, 0x00000000f4180000, 0x0000000100000000)
  eden space 210944K, 0% used [0x00000000e0000000,0x00000000e0000000,0x00000000ece00000)
  from space 34816K, 36% used [0x00000000ece00000,0x00000000eda8adb0,0x00000000ef000000)
  to   space 32768K, 0% used [0x00000000f2180000,0x00000000f2180000,0x00000000f4180000)
 ParOldGen       total 153600K, used 65999K [0x00000000a0000000, 0x00000000a9600000, 0x00000000e0000000)
  object space 153600K, 42% used [0x00000000a0000000,0x00000000a4073d38,0x00000000a9600000)
 Metaspace       used 81246K, capacity 85050K, committed 85248K, reserved 1122304K
  class space    used 10723K, capacity 11494K, committed 11520K, reserved 1048576K
}
Event: 577.334 GC heap before
{Heap before GC invocations=31 (full 3):
 PSYoungGen      total 245760K, used 223787K [0x00000000e0000000, 0x00000000f4180000, 0x0000000100000000)
  eden space 210944K, 100% used [0x00000000e0000000,0x00000000ece00000,0x00000000ece00000)
  from space 34816K, 36% used [0x00000000ece00000,0x00000000eda8adb0,0x00000000ef000000)
  to   space 32768K, 0% used [0x00000000f2180000,0x00000000f2180000,0x00000000f4180000)
 ParOldGen       total 153600K, used 65999K [0x00000000a0000000, 0x00000000a9600000, 0x00000000e0000000)
  object space 153600K, 42% used [0x00000000a0000000,0x00000000a4073d38,0x00000000a9600000)
 Metaspace       used 87896K, capacity 92212K, committed 92416K, reserved 1130496K
  class space    used 11367K, capacity 12230K, committed 12288K, reserved 1048576K
Event: 577.357 GC heap after
Heap after GC invocations=31 (full 3):
 PSYoungGen      total 289280K, used 16481K [0x00000000e0000000, 0x00000000f3d80000, 0x0000000100000000)
  eden space 260608K, 0% used [0x00000000e0000000,0x00000000e0000000,0x00000000efe80000)
  from space 28672K, 57% used [0x00000000f2180000,0x00000000f3198698,0x00000000f3d80000)
  to   space 32256K, 0% used [0x00000000efe80000,0x00000000efe80000,0x00000000f1e00000)
 ParOldGen       total 153600K, used 71685K [0x00000000a0000000, 0x00000000a9600000, 0x00000000e0000000)
  object space 153600K, 46% used [0x00000000a0000000,0x00000000a4601570,0x00000000a9600000)
 Metaspace       used 87896K, capacity 92212K, committed 92416K, reserved 1130496K
  class space    used 11367K, capacity 12230K, committed 12288K, reserved 1048576K
}
Event: 582.990 GC heap before
{Heap before GC invocations=32 (full 3):
 PSYoungGen      total 289280K, used 277089K [0x00000000e0000000, 0x00000000f3d80000, 0x0000000100000000)
  eden space 260608K, 100% used [0x00000000e0000000,0x00000000efe80000,0x00000000efe80000)
  from space 28672K, 57% used [0x00000000f2180000,0x00000000f3198698,0x00000000f3d80000)
  to   space 32256K, 0% used [0x00000000efe80000,0x00000000efe80000,0x00000000f1e00000)
 ParOldGen       total 153600K, used 71685K [0x00000000a0000000, 0x00000000a9600000, 0x00000000e0000000)
  object space 153600K, 46% used [0x00000000a0000000,0x00000000a4601570,0x00000000a9600000)
 Metaspace       used 87896K, capacity 92212K, committed 92416K, reserved 1130496K
  class space    used 11367K, capacity 12230K, committed 12288K, reserved 1048576K
Event: 583.006 GC heap after
Heap after GC invocations=32 (full 3):
 PSYoungGen      total 292864K, used 5464K [0x00000000e0000000, 0x00000000f7480000, 0x0000000100000000)
  eden space 260608K, 0% used [0x00000000e0000000,0x00000000e0000000,0x00000000efe80000)
  from space 32256K, 16% used [0x00000000efe80000,0x00000000f03d60c0,0x00000000f1e00000)
  to   space 31744K, 0% used [0x00000000f5580000,0x00000000f5580000,0x00000000f7480000)
 ParOldGen       total 153600K, used 78167K [0x00000000a0000000, 0x00000000a9600000, 0x00000000e0000000)
  object space 153600K, 50% used [0x00000000a0000000,0x00000000a4c55d28,0x00000000a9600000)
 Metaspace       used 87896K, capacity 92212K, committed 92416K, reserved 1130496K
  class space    used 11367K, capacity 12230K, committed 12288K, reserved 1048576K
}

