# JRE version: OpenJDK Runtime Environment (8.0_152-b01) (build 1.8.0_152-release-1248-b01)
# Java VM: OpenJDK 64-Bit Server VM (25.152-b01 mixed mode windows-amd64 compressed oops)
Heap:
 PSYoungGen      total 206336K, used 44172K [0x00000000e0000000, 0x00000000ef200000, 0x0000000100000000)
  eden space 171008K, 6% used [0x00000000e0000000,0x00000000e0b01d70,0x00000000ea700000)
  from space 35328K, 93% used [0x00000000ea700000,0x00000000ec721418,0x00000000ec980000)
  to   space 31232K, 0% used [0x00000000ec980000,0x00000000ec980000,0x00000000ee800000)
 ParOldGen       total 161280K, used 62274K [0x00000000a0000000, 0x00000000a9d80000, 0x00000000e0000000)
  object space 161280K, 38% used [0x00000000a0000000,0x00000000a3cd0a20,0x00000000a9d80000)
 Metaspace       used 97910K, capacity 103011K, committed 104232K, reserved 1140736K
  class space    used 12473K, capacity 13590K, committed 13872K, reserved 1048576K
GC Heap History (10 events):
Event: 4646.353 GC heap before
{Heap before GC invocations=63 (full 4):
 PSYoungGen      total 158720K, used 134656K [0x00000000e0000000, 0x00000000eb980000, 0x0000000100000000)
  eden space 134656K, 100% used [0x00000000e0000000,0x00000000e8380000,0x00000000e8380000)
  from space 24064K, 0% used [0x00000000e9d80000,0x00000000e9d80000,0x00000000eb500000)
  to   space 26624K, 0% used [0x00000000e8380000,0x00000000e8380000,0x00000000e9d80000)
 ParOldGen       total 161280K, used 62234K [0x00000000a0000000, 0x00000000a9d80000, 0x00000000e0000000)
  object space 161280K, 38% used [0x00000000a0000000,0x00000000a3cc6a20,0x00000000a9d80000)
 Metaspace       used 95876K, capacity 100603K, committed 102312K, reserved 1138688K
  class space    used 12281K, capacity 13358K, committed 13744K, reserved 1048576K
Event: 4646.374 GC heap after
Heap after GC invocations=63 (full 4):
 PSYoungGen      total 161280K, used 15018K [0x00000000e0000000, 0x00000000eca00000, 0x0000000100000000)
  eden space 134656K, 0% used [0x00000000e0000000,0x00000000e0000000,0x00000000e8380000)
  from space 26624K, 56% used [0x00000000e8380000,0x00000000e922a9f8,0x00000000e9d80000)
  to   space 26624K, 0% used [0x00000000eb000000,0x00000000eb000000,0x00000000eca00000)
 ParOldGen       total 161280K, used 62242K [0x00000000a0000000, 0x00000000a9d80000, 0x00000000e0000000)
  object space 161280K, 38% used [0x00000000a0000000,0x00000000a3cc8a20,0x00000000a9d80000)
 Metaspace       used 95876K, capacity 100603K, committed 102312K, reserved 1138688K
  class space    used 12281K, capacity 13358K, committed 13744K, reserved 1048576K
}
Event: 4646.771 GC heap before
{Heap before GC invocations=64 (full 4):
 PSYoungGen      total 161280K, used 149674K [0x00000000e0000000, 0x00000000eca00000, 0x0000000100000000)
  eden space 134656K, 100% used [0x00000000e0000000,0x00000000e8380000,0x00000000e8380000)
  from space 26624K, 56% used [0x00000000e8380000,0x00000000e922a9f8,0x00000000e9d80000)
  to   space 26624K, 0% used [0x00000000eb000000,0x00000000eb000000,0x00000000eca00000)
 ParOldGen       total 161280K, used 62242K [0x00000000a0000000, 0x00000000a9d80000, 0x00000000e0000000)
  object space 161280K, 38% used [0x00000000a0000000,0x00000000a3cc8a20,0x00000000a9d80000)
 Metaspace       used 96327K, capacity 101043K, committed 102824K, reserved 1138688K
  class space    used 12321K, capacity 13396K, committed 13744K, reserved 1048576K
Event: 4646.787 GC heap after
Heap after GC invocations=64 (full 4):
 PSYoungGen      total 179712K, used 17643K [0x00000000e0000000, 0x00000000ecb80000, 0x0000000100000000)
  eden space 153088K, 0% used [0x00000000e0000000,0x00000000e0000000,0x00000000e9580000)
  from space 26624K, 66% used [0x00000000eb000000,0x00000000ec13ac78,0x00000000eca00000)
  to   space 27136K, 0% used [0x00000000e9580000,0x00000000e9580000,0x00000000eb000000)
 ParOldGen       total 161280K, used 62250K [0x00000000a0000000, 0x00000000a9d80000, 0x00000000e0000000)
  object space 161280K, 38% used [0x00000000a0000000,0x00000000a3ccaa20,0x00000000a9d80000)
 Metaspace       used 96327K, capacity 101043K, committed 102824K, reserved 1138688K
  class space    used 12321K, capacity 13396K, committed 13744K, reserved 1048576K
}
Event: 4647.288 GC heap before
{Heap before GC invocations=65 (full 4):
 PSYoungGen      total 179712K, used 170731K [0x00000000e0000000, 0x00000000ecb80000, 0x0000000100000000)
  eden space 153088K, 100% used [0x00000000e0000000,0x00000000e9580000,0x00000000e9580000)
  from space 26624K, 66% used [0x00000000eb000000,0x00000000ec13ac78,0x00000000eca00000)
  to   space 27136K, 0% used [0x00000000e9580000,0x00000000e9580000,0x00000000eb000000)
 ParOldGen       total 161280K, used 62250K [0x00000000a0000000, 0x00000000a9d80000, 0x00000000e0000000)
  object space 161280K, 38% used [0x00000000a0000000,0x00000000a3ccaa20,0x00000000a9d80000)
 Metaspace       used 97658K, capacity 102719K, committed 103976K, reserved 1138688K
  class space    used 12471K, capacity 13590K, committed 13872K, reserved 1048576K
Event: 4647.310 GC heap after
Heap after GC invocations=65 (full 4):
 PSYoungGen      total 180224K, used 26963K [0x00000000e0000000, 0x00000000ee800000, 0x0000000100000000)
  eden space 153088K, 0% used [0x00000000e0000000,0x00000000e0000000,0x00000000e9580000)
  from space 27136K, 99% used [0x00000000e9580000,0x00000000eafd4dd8,0x00000000eb000000)
  to   space 31232K, 0% used [0x00000000ec980000,0x00000000ec980000,0x00000000ee800000)
 ParOldGen       total 161280K, used 62258K [0x00000000a0000000, 0x00000000a9d80000, 0x00000000e0000000)
  object space 161280K, 38% used [0x00000000a0000000,0x00000000a3ccca20,0x00000000a9d80000)
 Metaspace       used 97658K, capacity 102719K, committed 103976K, reserved 1138688K
  class space    used 12471K, capacity 13590K, committed 13872K, reserved 1048576K
}
Event: 4647.652 GC heap before
{Heap before GC invocations=66 (full 4):
 PSYoungGen      total 180224K, used 180051K [0x00000000e0000000, 0x00000000ee800000, 0x0000000100000000)
  eden space 153088K, 100% used [0x00000000e0000000,0x00000000e9580000,0x00000000e9580000)
  from space 27136K, 99% used [0x00000000e9580000,0x00000000eafd4dd8,0x00000000eb000000)
  to   space 31232K, 0% used [0x00000000ec980000,0x00000000ec980000,0x00000000ee800000)
 ParOldGen       total 161280K, used 62258K [0x00000000a0000000, 0x00000000a9d80000, 0x00000000e0000000)
  object space 161280K, 38% used [0x00000000a0000000,0x00000000a3ccca20,0x00000000a9d80000)
 Metaspace       used 97748K, capacity 102811K, committed 103976K, reserved 1138688K
  class space    used 12473K, capacity 13590K, committed 13872K, reserved 1048576K
Event: 4647.688 GC heap after
Heap after GC invocations=66 (full 4):
 PSYoungGen      total 202240K, used 30457K [0x00000000e0000000, 0x00000000ef200000, 0x0000000100000000)
  eden space 171008K, 0% used [0x00000000e0000000,0x00000000e0000000,0x00000000ea700000)
  from space 31232K, 97% used [0x00000000ec980000,0x00000000ee73e470,0x00000000ee800000)
  to   space 35328K, 0% used [0x00000000ea700000,0x00000000ea700000,0x00000000ec980000)
 ParOldGen       total 161280K, used 62266K [0x00000000a0000000, 0x00000000a9d80000, 0x00000000e0000000)
  object space 161280K, 38% used [0x00000000a0000000,0x00000000a3ccea20,0x00000000a9d80000)
 Metaspace       used 97748K, capacity 102811K, committed 103976K, reserved 1138688K
  class space    used 12473K, capacity 13590K, committed 13872K, reserved 1048576K
}
Event: 4648.047 GC heap before
{Heap before GC invocations=67 (full 4):
 PSYoungGen      total 202240K, used 201433K [0x00000000e0000000, 0x00000000ef200000, 0x0000000100000000)
  eden space 171008K, 99% used [0x00000000e0000000,0x00000000ea6f82d8,0x00000000ea700000)
  from space 31232K, 97% used [0x00000000ec980000,0x00000000ee73e470,0x00000000ee800000)
  to   space 35328K, 0% used [0x00000000ea700000,0x00000000ea700000,0x00000000ec980000)
 ParOldGen       total 161280K, used 62266K [0x00000000a0000000, 0x00000000a9d80000, 0x00000000e0000000)
  object space 161280K, 38% used [0x00000000a0000000,0x00000000a3ccea20,0x00000000a9d80000)
 Metaspace       used 97892K, capacity 103011K, committed 104232K, reserved 1140736K
  class space    used 12473K, capacity 13590K, committed 13872K, reserved 1048576K
Event: 4648.086 GC heap after
Heap after GC invocations=67 (full 4):
 PSYoungGen      total 206336K, used 32901K [0x00000000e0000000, 0x00000000ef200000, 0x0000000100000000)
  eden space 171008K, 0% used [0x00000000e0000000,0x00000000e0000000,0x00000000ea700000)
  from space 35328K, 93% used [0x00000000ea700000,0x00000000ec721418,0x00000000ec980000)
  to   space 31232K, 0% used [0x00000000ec980000,0x00000000ec980000,0x00000000ee800000)
 ParOldGen       total 161280K, used 62274K [0x00000000a0000000, 0x00000000a9d80000, 0x00000000e0000000)
  object space 161280K, 38% used [0x00000000a0000000,0x00000000a3cd0a20,0x00000000a9d80000)
 Metaspace       used 97892K, capacity 103011K, committed 104232K, reserved 1140736K
  class space    used 12473K, capacity 13590K, committed 13872K, reserved 1048576K
}

